2019-07-08 18:48:53,081 INFO  main                             - Welcome! Loading SOFA RPC Framework : 5.5.5_20190611191744, PID is:25686
2019-07-08 18:48:53,103 INFO  main                             - Install Module: fault-tolerance
2019-07-08 18:48:53,143 INFO  main                             - Install Module: sofaTracer-resteasy
2019-07-08 18:48:53,154 INFO  main                             - Install Module: lookout
2019-07-08 18:48:53,159 INFO  main                             - Install Module: sofaTracer
2019-07-08 18:48:53,172 INFO  main                             - Export provider config : com.atinbo.member.service.IMemberService:member-service01:bolt with bean id rpc-cfg-0
2019-07-08 18:48:53,208 INFO  main                             - Export provider config : com.atinbo.member.service.IMemberDetailService:member-service01:bolt with bean id rpc-cfg-1
2019-07-08 18:48:53,210 INFO  main                             - Export provider config : com.atinbo.member.service.IAuthorizeService:member-service01:bolt with bean id rpc-cfg-2
2019-07-08 18:48:53,213 INFO  main                             - Export provider config : com.atinbo.member.service.IMemberFamilyService:member-service01:bolt with bean id rpc-cfg-3
2019-07-08 18:49:04,007 INFO  main                             - service published.  interfaceId[com.atinbo.member.service.IMemberDetailService]; protocol[bolt]
2019-07-08 18:49:04,009 INFO  main                             - service published.  interfaceId[com.atinbo.member.service.IMemberFamilyService]; protocol[bolt]
2019-07-08 18:49:04,009 INFO  main                             - service published.  interfaceId[com.atinbo.member.service.IMemberService]; protocol[bolt]
2019-07-08 18:49:04,010 INFO  main                             - service published.  interfaceId[com.atinbo.member.service.IAuthorizeService]; protocol[bolt]
2019-07-08 18:49:10,089 WARN  SOFA-RPC-ShutdownHook            - SOFA RPC Framework catch JVM shutdown event, Run shutdown hook now.
2019-07-08 18:49:10,091 INFO  Thread-6                         - Unexport provider config : com.atinbo.member.service.IMemberDetailService:member-service01:bolt with bean id rpc-cfg-1
2019-07-08 18:49:10,093 INFO  Thread-6                         - Unexport provider config : com.atinbo.member.service.IMemberFamilyService:member-service01:bolt with bean id rpc-cfg-3
2019-07-08 18:49:10,095 INFO  Thread-6                         - Unexport provider config : com.atinbo.member.service.IMemberService:member-service01:bolt with bean id rpc-cfg-0
2019-07-08 18:49:10,095 INFO  Thread-6                         - Unexport provider config : com.atinbo.member.service.IAuthorizeService:member-service01:bolt with bean id rpc-cfg-2
2019-07-08 18:49:10,108 INFO  SOFA-RPC-ShutdownHook            - Uninstall Module: fault-tolerance
2019-07-08 18:49:10,108 INFO  SOFA-RPC-ShutdownHook            - Uninstall Module: sofaTracer-resteasy
2019-07-08 18:49:10,108 INFO  SOFA-RPC-ShutdownHook            - Uninstall Module: lookout
2019-07-08 18:49:10,109 INFO  SOFA-RPC-ShutdownHook            - Uninstall Module: sofaTracer
2019-07-08 18:49:10,110 WARN  SOFA-RPC-ShutdownHook            - SOFA RPC Framework has been release all resources ...
2019-07-08 18:50:29,552 INFO  main                             - Welcome! Loading SOFA RPC Framework : 5.5.5_20190611191744, PID is:25716
2019-07-08 18:50:29,568 INFO  main                             - Install Module: fault-tolerance
2019-07-08 18:50:29,589 INFO  main                             - Install Module: sofaTracer-resteasy
2019-07-08 18:50:29,598 INFO  main                             - Install Module: lookout
2019-07-08 18:50:29,601 INFO  main                             - Install Module: sofaTracer
2019-07-08 18:50:29,614 INFO  main                             - Export provider config : com.atinbo.member.service.IMemberService:member-service01:bolt with bean id rpc-cfg-0
2019-07-08 18:50:29,643 INFO  main                             - Export provider config : com.atinbo.member.service.IMemberDetailService:member-service01:bolt with bean id rpc-cfg-1
2019-07-08 18:50:29,645 INFO  main                             - Export provider config : com.atinbo.member.service.IAuthorizeService:member-service01:bolt with bean id rpc-cfg-2
2019-07-08 18:50:29,648 INFO  main                             - Export provider config : com.atinbo.member.service.IMemberFamilyService:member-service01:bolt with bean id rpc-cfg-3
2019-07-08 18:50:40,135 INFO  main                             - service published.  interfaceId[com.atinbo.member.service.IMemberDetailService]; protocol[bolt]
2019-07-08 18:50:40,136 INFO  main                             - service published.  interfaceId[com.atinbo.member.service.IMemberFamilyService]; protocol[bolt]
2019-07-08 18:50:40,136 INFO  main                             - service published.  interfaceId[com.atinbo.member.service.IMemberService]; protocol[bolt]
2019-07-08 18:50:40,137 INFO  main                             - service published.  interfaceId[com.atinbo.member.service.IAuthorizeService]; protocol[bolt]
2019-07-08 18:50:45,647 WARN  SOFA-RPC-ShutdownHook            - SOFA RPC Framework catch JVM shutdown event, Run shutdown hook now.
2019-07-08 18:50:45,651 INFO  Thread-6                         - Unexport provider config : com.atinbo.member.service.IMemberDetailService:member-service01:bolt with bean id rpc-cfg-1
2019-07-08 18:50:45,653 INFO  Thread-6                         - Unexport provider config : com.atinbo.member.service.IMemberFamilyService:member-service01:bolt with bean id rpc-cfg-3
2019-07-08 18:50:45,654 INFO  Thread-6                         - Unexport provider config : com.atinbo.member.service.IMemberService:member-service01:bolt with bean id rpc-cfg-0
2019-07-08 18:50:45,655 INFO  Thread-6                         - Unexport provider config : com.atinbo.member.service.IAuthorizeService:member-service01:bolt with bean id rpc-cfg-2
2019-07-08 18:50:45,666 INFO  SOFA-RPC-ShutdownHook            - Uninstall Module: fault-tolerance
2019-07-08 18:50:45,667 INFO  SOFA-RPC-ShutdownHook            - Uninstall Module: sofaTracer-resteasy
2019-07-08 18:50:45,667 INFO  SOFA-RPC-ShutdownHook            - Uninstall Module: lookout
2019-07-08 18:50:45,667 INFO  SOFA-RPC-ShutdownHook            - Uninstall Module: sofaTracer
2019-07-08 18:50:45,669 WARN  SOFA-RPC-ShutdownHook            - SOFA RPC Framework has been release all resources ...
