2019-07-08 18:48:18,924 INFO  main                             - SOFABoot Runtime Starting!
2019-07-08 18:48:30,723 ERROR main                             - SofaService was already registered: ServiceFactoryBean#com.atinbo.member.service.IAuthorizeService:member-service01
2019-07-08 18:48:48,069 INFO  main                             - Registering component: service:com.atinbo.member.service.IMemberService:member-service01
2019-07-08 18:48:48,070 INFO  main                             -  <<PreOut Binding [bolt] Begins - com.atinbo.member.service.IMemberService:member-service01.
2019-07-08 18:48:53,167 INFO  main                             -  <<PreOut Binding [bolt] Ends - com.atinbo.member.service.IMemberService:member-service01.
2019-07-08 18:48:53,167 INFO  main                             -  <<Out Binding [bolt] Begins - com.atinbo.member.service.IMemberService:member-service01.
2019-07-08 18:48:53,204 INFO  main                             -  <<Out Binding [bolt] Ends - com.atinbo.member.service.IMemberService:member-service01.
2019-07-08 18:48:53,204 INFO  main                             - Register Service - com.atinbo.member.service.IMemberService:member-service01
2019-07-08 18:48:53,207 INFO  main                             - Registering component: service:com.atinbo.member.service.IMemberDetailService:member-service01
2019-07-08 18:48:53,207 INFO  main                             -  <<PreOut Binding [bolt] Begins - com.atinbo.member.service.IMemberDetailService:member-service01.
2019-07-08 18:48:53,207 INFO  main                             -  <<PreOut Binding [bolt] Ends - com.atinbo.member.service.IMemberDetailService:member-service01.
2019-07-08 18:48:53,207 INFO  main                             -  <<Out Binding [bolt] Begins - com.atinbo.member.service.IMemberDetailService:member-service01.
2019-07-08 18:48:53,208 INFO  main                             -  <<Out Binding [bolt] Ends - com.atinbo.member.service.IMemberDetailService:member-service01.
2019-07-08 18:48:53,208 INFO  main                             - Register Service - com.atinbo.member.service.IMemberDetailService:member-service01
2019-07-08 18:48:53,210 INFO  main                             - Registering component: service:com.atinbo.member.service.IAuthorizeService:member-service01
2019-07-08 18:48:53,210 INFO  main                             -  <<PreOut Binding [bolt] Begins - com.atinbo.member.service.IAuthorizeService:member-service01.
2019-07-08 18:48:53,210 INFO  main                             -  <<PreOut Binding [bolt] Ends - com.atinbo.member.service.IAuthorizeService:member-service01.
2019-07-08 18:48:53,210 INFO  main                             -  <<Out Binding [bolt] Begins - com.atinbo.member.service.IAuthorizeService:member-service01.
2019-07-08 18:48:53,211 INFO  main                             -  <<Out Binding [bolt] Ends - com.atinbo.member.service.IAuthorizeService:member-service01.
2019-07-08 18:48:53,211 INFO  main                             - Register Service - com.atinbo.member.service.IAuthorizeService:member-service01
2019-07-08 18:48:53,212 INFO  main                             - Registering component: service:com.atinbo.member.service.IMemberFamilyService:member-service01
2019-07-08 18:48:53,212 INFO  main                             -  <<PreOut Binding [bolt] Begins - com.atinbo.member.service.IMemberFamilyService:member-service01.
2019-07-08 18:48:53,212 INFO  main                             -  <<PreOut Binding [bolt] Ends - com.atinbo.member.service.IMemberFamilyService:member-service01.
2019-07-08 18:48:53,212 INFO  main                             -  <<Out Binding [bolt] Begins - com.atinbo.member.service.IMemberFamilyService:member-service01.
2019-07-08 18:48:53,213 INFO  main                             -  <<Out Binding [bolt] Ends - com.atinbo.member.service.IMemberFamilyService:member-service01.
2019-07-08 18:48:53,213 INFO  main                             - Register Service - com.atinbo.member.service.IMemberFamilyService:member-service01
2019-07-08 18:49:55,438 INFO  main                             - SOFABoot Runtime Starting!
2019-07-08 18:50:07,263 ERROR main                             - SofaService was already registered: ServiceFactoryBean#com.atinbo.member.service.IAuthorizeService:member-service01
2019-07-08 18:50:24,544 INFO  main                             - Registering component: service:com.atinbo.member.service.IMemberService:member-service01
2019-07-08 18:50:24,544 INFO  main                             -  <<PreOut Binding [bolt] Begins - com.atinbo.member.service.IMemberService:member-service01.
2019-07-08 18:50:29,609 INFO  main                             -  <<PreOut Binding [bolt] Ends - com.atinbo.member.service.IMemberService:member-service01.
2019-07-08 18:50:29,609 INFO  main                             -  <<Out Binding [bolt] Begins - com.atinbo.member.service.IMemberService:member-service01.
2019-07-08 18:50:29,640 INFO  main                             -  <<Out Binding [bolt] Ends - com.atinbo.member.service.IMemberService:member-service01.
2019-07-08 18:50:29,640 INFO  main                             - Register Service - com.atinbo.member.service.IMemberService:member-service01
2019-07-08 18:50:29,642 INFO  main                             - Registering component: service:com.atinbo.member.service.IMemberDetailService:member-service01
2019-07-08 18:50:29,642 INFO  main                             -  <<PreOut Binding [bolt] Begins - com.atinbo.member.service.IMemberDetailService:member-service01.
2019-07-08 18:50:29,642 INFO  main                             -  <<PreOut Binding [bolt] Ends - com.atinbo.member.service.IMemberDetailService:member-service01.
2019-07-08 18:50:29,642 INFO  main                             -  <<Out Binding [bolt] Begins - com.atinbo.member.service.IMemberDetailService:member-service01.
2019-07-08 18:50:29,643 INFO  main                             -  <<Out Binding [bolt] Ends - com.atinbo.member.service.IMemberDetailService:member-service01.
2019-07-08 18:50:29,643 INFO  main                             - Register Service - com.atinbo.member.service.IMemberDetailService:member-service01
2019-07-08 18:50:29,644 INFO  main                             - Registering component: service:com.atinbo.member.service.IAuthorizeService:member-service01
2019-07-08 18:50:29,644 INFO  main                             -  <<PreOut Binding [bolt] Begins - com.atinbo.member.service.IAuthorizeService:member-service01.
2019-07-08 18:50:29,645 INFO  main                             -  <<PreOut Binding [bolt] Ends - com.atinbo.member.service.IAuthorizeService:member-service01.
2019-07-08 18:50:29,645 INFO  main                             -  <<Out Binding [bolt] Begins - com.atinbo.member.service.IAuthorizeService:member-service01.
2019-07-08 18:50:29,645 INFO  main                             -  <<Out Binding [bolt] Ends - com.atinbo.member.service.IAuthorizeService:member-service01.
2019-07-08 18:50:29,645 INFO  main                             - Register Service - com.atinbo.member.service.IAuthorizeService:member-service01
2019-07-08 18:50:29,647 INFO  main                             - Registering component: service:com.atinbo.member.service.IMemberFamilyService:member-service01
2019-07-08 18:50:29,647 INFO  main                             -  <<PreOut Binding [bolt] Begins - com.atinbo.member.service.IMemberFamilyService:member-service01.
2019-07-08 18:50:29,648 INFO  main                             -  <<PreOut Binding [bolt] Ends - com.atinbo.member.service.IMemberFamilyService:member-service01.
2019-07-08 18:50:29,648 INFO  main                             -  <<Out Binding [bolt] Begins - com.atinbo.member.service.IMemberFamilyService:member-service01.
2019-07-08 18:50:29,649 INFO  main                             -  <<Out Binding [bolt] Ends - com.atinbo.member.service.IMemberFamilyService:member-service01.
2019-07-08 18:50:29,649 INFO  main                             - Register Service - com.atinbo.member.service.IMemberFamilyService:member-service01
