2019-07-09 14:06:44,233 ERROR main                             - SofaService was already registered: ServiceFactoryBean#com.atinbo.member.service.IAuthorizeService:member-service01
2019-07-09 14:19:57,864 ERROR main                             - SofaService was already registered: ServiceFactoryBean#com.atinbo.member.service.IAuthorizeService:member-service01
2019-07-09 14:20:17,284 ERROR main                             -  <<Out binding [bolt] for [com.atinbo.member.service.IAuthorizeService:member-service01] occur exception.
com.alipay.sofa.runtime.api.ServiceRuntimeException: RPC-02104: 发布元数据失败 
	at com.alipay.sofa.rpc.boot.runtime.adapter.RpcBindingAdapter.outBinding(RpcBindingAdapter.java:86)
	at com.alipay.sofa.rpc.boot.runtime.adapter.RpcBindingAdapter.outBinding(RpcBindingAdapter.java:42)
	at com.alipay.sofa.runtime.service.component.ServiceComponent.activateBinding(ServiceComponent.java:157)
	at com.alipay.sofa.runtime.service.component.ServiceComponent.activate(ServiceComponent.java:126)
	at com.alipay.sofa.runtime.component.impl.ComponentManagerImpl.doRegister(ComponentManagerImpl.java:156)
	at com.alipay.sofa.runtime.component.impl.ComponentManagerImpl.register(ComponentManagerImpl.java:112)
	at com.alipay.sofa.runtime.spring.factory.ServiceFactoryBean.doAfterPropertiesSet(ServiceFactoryBean.java:73)
	at com.alipay.sofa.runtime.spring.factory.AbstractContractFactoryBean.afterPropertiesSet(AbstractContractFactoryBean.java:99)
	at org.springframework.beans.factory.support.AbstractAutowireCapableBeanFactory.invokeInitMethods(AbstractAutowireCapableBeanFactory.java:1804)
	at org.springframework.beans.factory.support.AbstractAutowireCapableBeanFactory.initializeBean(AbstractAutowireCapableBeanFactory.java:1741)
	at org.springframework.beans.factory.support.AbstractAutowireCapableBeanFactory.doCreateBean(AbstractAutowireCapableBeanFactory.java:576)
	at org.springframework.beans.factory.support.AbstractAutowireCapableBeanFactory.createBean(AbstractAutowireCapableBeanFactory.java:498)
	at org.springframework.beans.factory.support.AbstractBeanFactory.lambda$doGetBean$0(AbstractBeanFactory.java:320)
	at org.springframework.beans.factory.support.DefaultSingletonBeanRegistry.getSingleton(DefaultSingletonBeanRegistry.java:222)
	at org.springframework.beans.factory.support.AbstractBeanFactory.doGetBean(AbstractBeanFactory.java:318)
	at org.springframework.beans.factory.support.AbstractBeanFactory.getBean(AbstractBeanFactory.java:199)
	at org.springframework.beans.factory.support.DefaultListableBeanFactory.preInstantiateSingletons(DefaultListableBeanFactory.java:827)
	at org.springframework.context.support.AbstractApplicationContext.finishBeanFactoryInitialization(AbstractApplicationContext.java:863)
	at org.springframework.context.support.AbstractApplicationContext.refresh(AbstractApplicationContext.java:546)
	at org.springframework.boot.web.servlet.context.ServletWebServerApplicationContext.refresh(ServletWebServerApplicationContext.java:140)
	at org.springframework.boot.SpringApplication.refresh(SpringApplication.java:775)
	at org.springframework.boot.SpringApplication.refreshContext(SpringApplication.java:397)
	at org.springframework.boot.SpringApplication.run(SpringApplication.java:316)
	at org.springframework.boot.SpringApplication.run(SpringApplication.java:1260)
	at org.springframework.boot.SpringApplication.run(SpringApplication.java:1248)
	at com.atinbo.member.Starter.main(Starter.java:15)
Caused by: com.alipay.sofa.rpc.core.exception.SofaRpcRuntimeException: The value of config provider.ref [com.atinbo.member.service.AddressServiceImpl] is illegal, This is not an instance of com.atinbo.member.service.IAuthorizeService in provider config with key com.atinbo.member.service.IAuthorizeService:member-service01 !
	at com.alipay.sofa.rpc.common.utils.ExceptionUtils.buildRuntime(ExceptionUtils.java:36)
	at com.alipay.sofa.rpc.bootstrap.DefaultProviderBootstrap.checkParameters(DefaultProviderBootstrap.java:234)
	at com.alipay.sofa.rpc.bootstrap.DefaultProviderBootstrap.doExport(DefaultProviderBootstrap.java:116)
	at com.alipay.sofa.rpc.bootstrap.DefaultProviderBootstrap.export(DefaultProviderBootstrap.java:106)
	at com.alipay.sofa.rpc.config.ProviderConfig.export(ProviderConfig.java:524)
	at com.alipay.sofa.rpc.boot.runtime.adapter.RpcBindingAdapter.outBinding(RpcBindingAdapter.java:84)
	... 25 common frames omitted
2019-07-09 14:20:17,285 ERROR main                             - Failed to create the component service:com.atinbo.member.service.IAuthorizeService:member-service01
com.alipay.sofa.runtime.api.ServiceRuntimeException:  <<Out Binding [com.atinbo.member.service.IAuthorizeService:member-service01] occur exception.
	at com.alipay.sofa.runtime.service.component.ServiceComponent.activateBinding(ServiceComponent.java:176)
	at com.alipay.sofa.runtime.service.component.ServiceComponent.activate(ServiceComponent.java:126)
	at com.alipay.sofa.runtime.component.impl.ComponentManagerImpl.doRegister(ComponentManagerImpl.java:156)
	at com.alipay.sofa.runtime.component.impl.ComponentManagerImpl.register(ComponentManagerImpl.java:112)
	at com.alipay.sofa.runtime.spring.factory.ServiceFactoryBean.doAfterPropertiesSet(ServiceFactoryBean.java:73)
	at com.alipay.sofa.runtime.spring.factory.AbstractContractFactoryBean.afterPropertiesSet(AbstractContractFactoryBean.java:99)
	at org.springframework.beans.factory.support.AbstractAutowireCapableBeanFactory.invokeInitMethods(AbstractAutowireCapableBeanFactory.java:1804)
	at org.springframework.beans.factory.support.AbstractAutowireCapableBeanFactory.initializeBean(AbstractAutowireCapableBeanFactory.java:1741)
	at org.springframework.beans.factory.support.AbstractAutowireCapableBeanFactory.doCreateBean(AbstractAutowireCapableBeanFactory.java:576)
	at org.springframework.beans.factory.support.AbstractAutowireCapableBeanFactory.createBean(AbstractAutowireCapableBeanFactory.java:498)
	at org.springframework.beans.factory.support.AbstractBeanFactory.lambda$doGetBean$0(AbstractBeanFactory.java:320)
	at org.springframework.beans.factory.support.DefaultSingletonBeanRegistry.getSingleton(DefaultSingletonBeanRegistry.java:222)
	at org.springframework.beans.factory.support.AbstractBeanFactory.doGetBean(AbstractBeanFactory.java:318)
	at org.springframework.beans.factory.support.AbstractBeanFactory.getBean(AbstractBeanFactory.java:199)
	at org.springframework.beans.factory.support.DefaultListableBeanFactory.preInstantiateSingletons(DefaultListableBeanFactory.java:827)
	at org.springframework.context.support.AbstractApplicationContext.finishBeanFactoryInitialization(AbstractApplicationContext.java:863)
	at org.springframework.context.support.AbstractApplicationContext.refresh(AbstractApplicationContext.java:546)
	at org.springframework.boot.web.servlet.context.ServletWebServerApplicationContext.refresh(ServletWebServerApplicationContext.java:140)
	at org.springframework.boot.SpringApplication.refresh(SpringApplication.java:775)
	at org.springframework.boot.SpringApplication.refreshContext(SpringApplication.java:397)
	at org.springframework.boot.SpringApplication.run(SpringApplication.java:316)
	at org.springframework.boot.SpringApplication.run(SpringApplication.java:1260)
	at org.springframework.boot.SpringApplication.run(SpringApplication.java:1248)
	at com.atinbo.member.Starter.main(Starter.java:15)
2019-07-09 14:36:12,660 ERROR main                             - SofaService was already registered: ServiceFactoryBean#com.atinbo.member.service.IAuthorizeService:member-service01
2019-07-09 14:36:31,575 ERROR main                             -  <<Out binding [bolt] for [com.atinbo.member.service.IAuthorizeService:member-service01] occur exception.
com.alipay.sofa.runtime.api.ServiceRuntimeException: RPC-02104: 发布元数据失败 
	at com.alipay.sofa.rpc.boot.runtime.adapter.RpcBindingAdapter.outBinding(RpcBindingAdapter.java:86)
	at com.alipay.sofa.rpc.boot.runtime.adapter.RpcBindingAdapter.outBinding(RpcBindingAdapter.java:42)
	at com.alipay.sofa.runtime.service.component.ServiceComponent.activateBinding(ServiceComponent.java:157)
	at com.alipay.sofa.runtime.service.component.ServiceComponent.activate(ServiceComponent.java:126)
	at com.alipay.sofa.runtime.component.impl.ComponentManagerImpl.doRegister(ComponentManagerImpl.java:156)
	at com.alipay.sofa.runtime.component.impl.ComponentManagerImpl.register(ComponentManagerImpl.java:112)
	at com.alipay.sofa.runtime.spring.factory.ServiceFactoryBean.doAfterPropertiesSet(ServiceFactoryBean.java:73)
	at com.alipay.sofa.runtime.spring.factory.AbstractContractFactoryBean.afterPropertiesSet(AbstractContractFactoryBean.java:99)
	at org.springframework.beans.factory.support.AbstractAutowireCapableBeanFactory.invokeInitMethods(AbstractAutowireCapableBeanFactory.java:1804)
	at org.springframework.beans.factory.support.AbstractAutowireCapableBeanFactory.initializeBean(AbstractAutowireCapableBeanFactory.java:1741)
	at org.springframework.beans.factory.support.AbstractAutowireCapableBeanFactory.doCreateBean(AbstractAutowireCapableBeanFactory.java:576)
	at org.springframework.beans.factory.support.AbstractAutowireCapableBeanFactory.createBean(AbstractAutowireCapableBeanFactory.java:498)
	at org.springframework.beans.factory.support.AbstractBeanFactory.lambda$doGetBean$0(AbstractBeanFactory.java:320)
	at org.springframework.beans.factory.support.DefaultSingletonBeanRegistry.getSingleton(DefaultSingletonBeanRegistry.java:222)
	at org.springframework.beans.factory.support.AbstractBeanFactory.doGetBean(AbstractBeanFactory.java:318)
	at org.springframework.beans.factory.support.AbstractBeanFactory.getBean(AbstractBeanFactory.java:199)
	at org.springframework.beans.factory.support.DefaultListableBeanFactory.preInstantiateSingletons(DefaultListableBeanFactory.java:827)
	at org.springframework.context.support.AbstractApplicationContext.finishBeanFactoryInitialization(AbstractApplicationContext.java:863)
	at org.springframework.context.support.AbstractApplicationContext.refresh(AbstractApplicationContext.java:546)
	at org.springframework.boot.web.servlet.context.ServletWebServerApplicationContext.refresh(ServletWebServerApplicationContext.java:140)
	at org.springframework.boot.SpringApplication.refresh(SpringApplication.java:775)
	at org.springframework.boot.SpringApplication.refreshContext(SpringApplication.java:397)
	at org.springframework.boot.SpringApplication.run(SpringApplication.java:316)
	at org.springframework.boot.SpringApplication.run(SpringApplication.java:1260)
	at org.springframework.boot.SpringApplication.run(SpringApplication.java:1248)
	at com.atinbo.member.Starter.main(Starter.java:32)
Caused by: com.alipay.sofa.rpc.core.exception.SofaRpcRuntimeException: The value of config provider.ref [com.atinbo.member.service.AddressServiceImpl] is illegal, This is not an instance of com.atinbo.member.service.IAuthorizeService in provider config with key com.atinbo.member.service.IAuthorizeService:member-service01 !
	at com.alipay.sofa.rpc.common.utils.ExceptionUtils.buildRuntime(ExceptionUtils.java:36)
	at com.alipay.sofa.rpc.bootstrap.DefaultProviderBootstrap.checkParameters(DefaultProviderBootstrap.java:234)
	at com.alipay.sofa.rpc.bootstrap.DefaultProviderBootstrap.doExport(DefaultProviderBootstrap.java:116)
	at com.alipay.sofa.rpc.bootstrap.DefaultProviderBootstrap.export(DefaultProviderBootstrap.java:106)
	at com.alipay.sofa.rpc.config.ProviderConfig.export(ProviderConfig.java:524)
	at com.alipay.sofa.rpc.boot.runtime.adapter.RpcBindingAdapter.outBinding(RpcBindingAdapter.java:84)
	... 25 common frames omitted
2019-07-09 14:36:31,576 ERROR main                             - Failed to create the component service:com.atinbo.member.service.IAuthorizeService:member-service01
com.alipay.sofa.runtime.api.ServiceRuntimeException:  <<Out Binding [com.atinbo.member.service.IAuthorizeService:member-service01] occur exception.
	at com.alipay.sofa.runtime.service.component.ServiceComponent.activateBinding(ServiceComponent.java:176)
	at com.alipay.sofa.runtime.service.component.ServiceComponent.activate(ServiceComponent.java:126)
	at com.alipay.sofa.runtime.component.impl.ComponentManagerImpl.doRegister(ComponentManagerImpl.java:156)
	at com.alipay.sofa.runtime.component.impl.ComponentManagerImpl.register(ComponentManagerImpl.java:112)
	at com.alipay.sofa.runtime.spring.factory.ServiceFactoryBean.doAfterPropertiesSet(ServiceFactoryBean.java:73)
	at com.alipay.sofa.runtime.spring.factory.AbstractContractFactoryBean.afterPropertiesSet(AbstractContractFactoryBean.java:99)
	at org.springframework.beans.factory.support.AbstractAutowireCapableBeanFactory.invokeInitMethods(AbstractAutowireCapableBeanFactory.java:1804)
	at org.springframework.beans.factory.support.AbstractAutowireCapableBeanFactory.initializeBean(AbstractAutowireCapableBeanFactory.java:1741)
	at org.springframework.beans.factory.support.AbstractAutowireCapableBeanFactory.doCreateBean(AbstractAutowireCapableBeanFactory.java:576)
	at org.springframework.beans.factory.support.AbstractAutowireCapableBeanFactory.createBean(AbstractAutowireCapableBeanFactory.java:498)
	at org.springframework.beans.factory.support.AbstractBeanFactory.lambda$doGetBean$0(AbstractBeanFactory.java:320)
	at org.springframework.beans.factory.support.DefaultSingletonBeanRegistry.getSingleton(DefaultSingletonBeanRegistry.java:222)
	at org.springframework.beans.factory.support.AbstractBeanFactory.doGetBean(AbstractBeanFactory.java:318)
	at org.springframework.beans.factory.support.AbstractBeanFactory.getBean(AbstractBeanFactory.java:199)
	at org.springframework.beans.factory.support.DefaultListableBeanFactory.preInstantiateSingletons(DefaultListableBeanFactory.java:827)
	at org.springframework.context.support.AbstractApplicationContext.finishBeanFactoryInitialization(AbstractApplicationContext.java:863)
	at org.springframework.context.support.AbstractApplicationContext.refresh(AbstractApplicationContext.java:546)
	at org.springframework.boot.web.servlet.context.ServletWebServerApplicationContext.refresh(ServletWebServerApplicationContext.java:140)
	at org.springframework.boot.SpringApplication.refresh(SpringApplication.java:775)
	at org.springframework.boot.SpringApplication.refreshContext(SpringApplication.java:397)
	at org.springframework.boot.SpringApplication.run(SpringApplication.java:316)
	at org.springframework.boot.SpringApplication.run(SpringApplication.java:1260)
	at org.springframework.boot.SpringApplication.run(SpringApplication.java:1248)
	at com.atinbo.member.Starter.main(Starter.java:32)
