2019-07-04 18:05:13,616 INFO  main                             - SOFABoot Runtime Starting!
2019-07-04 18:37:27,971 INFO  main                             - SOFABoot Runtime Starting!
2019-07-04 18:40:20,399 INFO  main                             - SOFABoot Runtime Starting!
2019-07-04 18:45:00,788 INFO  main                             - SOFABoot Runtime Starting!
2019-07-04 18:45:24,934 INFO  main                             - Registering component: service:com.atinbo.member.service.IMemberService:member-service01
2019-07-04 18:45:24,934 INFO  main                             -  <<PreOut Binding [bolt] Begins - com.atinbo.member.service.IMemberService:member-service01.
2019-07-04 18:45:29,982 INFO  main                             -  <<PreOut Binding [bolt] Ends - com.atinbo.member.service.IMemberService:member-service01.
2019-07-04 18:45:29,982 INFO  main                             -  <<Out Binding [bolt] Begins - com.atinbo.member.service.IMemberService:member-service01.
2019-07-04 18:45:30,004 INFO  main                             -  <<Out Binding [bolt] Ends - com.atinbo.member.service.IMemberService:member-service01.
2019-07-04 18:45:30,005 INFO  main                             - Register Service - com.atinbo.member.service.IMemberService:member-service01
2019-07-04 18:52:35,360 INFO  main                             - SOFABoot Runtime Starting!
2019-07-04 18:52:46,317 ERROR main                             - SofaService was already registered: ServiceFactoryBean#com.atinbo.member.service.IAuthorizeService:member-service01
2019-07-04 18:53:00,218 INFO  main                             - Registering component: service:com.atinbo.member.service.IMemberService:member-service01
2019-07-04 18:53:00,219 INFO  main                             -  <<PreOut Binding [bolt] Begins - com.atinbo.member.service.IMemberService:member-service01.
2019-07-04 18:53:05,275 INFO  main                             -  <<PreOut Binding [bolt] Ends - com.atinbo.member.service.IMemberService:member-service01.
2019-07-04 18:53:05,275 INFO  main                             -  <<Out Binding [bolt] Begins - com.atinbo.member.service.IMemberService:member-service01.
2019-07-04 18:53:05,302 INFO  main                             -  <<Out Binding [bolt] Ends - com.atinbo.member.service.IMemberService:member-service01.
2019-07-04 18:53:05,302 INFO  main                             - Register Service - com.atinbo.member.service.IMemberService:member-service01
2019-07-04 18:53:05,306 INFO  main                             - Registering component: service:com.atinbo.member.service.IMemberDetailService:member-service01
2019-07-04 18:53:05,307 INFO  main                             -  <<PreOut Binding [bolt] Begins - com.atinbo.member.service.IMemberDetailService:member-service01.
2019-07-04 18:53:05,307 INFO  main                             -  <<PreOut Binding [bolt] Ends - com.atinbo.member.service.IMemberDetailService:member-service01.
2019-07-04 18:53:05,307 INFO  main                             -  <<Out Binding [bolt] Begins - com.atinbo.member.service.IMemberDetailService:member-service01.
2019-07-04 18:53:05,309 INFO  main                             -  <<Out Binding [bolt] Ends - com.atinbo.member.service.IMemberDetailService:member-service01.
2019-07-04 18:53:05,309 INFO  main                             - Register Service - com.atinbo.member.service.IMemberDetailService:member-service01
2019-07-04 18:53:05,310 INFO  main                             - Registering component: service:com.atinbo.member.service.IAuthorizeService:member-service01
2019-07-04 18:53:05,310 INFO  main                             -  <<PreOut Binding [bolt] Begins - com.atinbo.member.service.IAuthorizeService:member-service01.
2019-07-04 18:53:05,311 INFO  main                             -  <<PreOut Binding [bolt] Ends - com.atinbo.member.service.IAuthorizeService:member-service01.
2019-07-04 18:53:05,311 INFO  main                             -  <<Out Binding [bolt] Begins - com.atinbo.member.service.IAuthorizeService:member-service01.
2019-07-04 18:53:05,311 INFO  main                             -  <<Out Binding [bolt] Ends - com.atinbo.member.service.IAuthorizeService:member-service01.
2019-07-04 18:53:05,312 INFO  main                             - Register Service - com.atinbo.member.service.IAuthorizeService:member-service01
2019-07-04 18:53:05,312 INFO  main                             - Registering component: service:com.atinbo.member.service.IMemberFamilyService:member-service01
2019-07-04 18:53:05,312 INFO  main                             -  <<PreOut Binding [bolt] Begins - com.atinbo.member.service.IMemberFamilyService:member-service01.
2019-07-04 18:53:05,313 INFO  main                             -  <<PreOut Binding [bolt] Ends - com.atinbo.member.service.IMemberFamilyService:member-service01.
2019-07-04 18:53:05,313 INFO  main                             -  <<Out Binding [bolt] Begins - com.atinbo.member.service.IMemberFamilyService:member-service01.
2019-07-04 18:53:05,314 INFO  main                             -  <<Out Binding [bolt] Ends - com.atinbo.member.service.IMemberFamilyService:member-service01.
2019-07-04 18:53:05,314 INFO  main                             - Register Service - com.atinbo.member.service.IMemberFamilyService:member-service01
